<?xml version="1.0" encoding="UTF-8"?>
<testng-results ignored="0" total="1" passed="1" failed="0" skipped="0">
  <reporter-output>
  </reporter-output>
  <suite started-at="2023-06-23T13:25:23 IST" name="Suite" finished-at="2023-06-23T13:25:29 IST" duration-ms="5113">
    <groups>
    </groups>
    <test started-at="2023-06-23T13:25:23 IST" name="BrowserStackDemoTest" finished-at="2023-06-23T13:25:29 IST" duration-ms="5113">
      <class name="com.bs.qa.test.LoginPageTest">
        <test-method is-config="true" signature="setUp(java.lang.String)[pri:0, instance:com.bs.qa.test.LoginPageTest@55040f2f]" started-at="2023-06-23T13:25:23 IST" name="setUp" finished-at="2023-06-23T13:25:28 IST" duration-ms="4940" status="PASS">
          <params>
            <param index="0">
              <value>
                <![CDATA[chrome]]>
              </value>
            </param>
          </params>
          <reporter-output>
          </reporter-output>
        </test-method> <!-- setUp -->
        <test-method signature="m1()[pri:0, instance:com.bs.qa.test.LoginPageTest@55040f2f]" started-at="2023-06-23T13:25:28 IST" name="m1" finished-at="2023-06-23T13:25:28 IST" duration-ms="3" status="PASS">
          <reporter-output>
          </reporter-output>
        </test-method> <!-- m1 -->
        <test-method is-config="true" signature="tearDown()[pri:0, instance:com.bs.qa.test.LoginPageTest@55040f2f]" started-at="2023-06-23T13:25:28 IST" name="tearDown" finished-at="2023-06-23T13:25:29 IST" duration-ms="147" status="PASS">
          <reporter-output>
          </reporter-output>
        </test-method> <!-- tearDown -->
      </class> <!-- com.bs.qa.test.LoginPageTest -->
    </test> <!-- BrowserStackDemoTest -->
  </suite> <!-- Suite -->
</testng-results>
